<?xml version="1.0" encoding="UTF-8"?>
<!-- Generated by org.testng.reporters.JUnitReportReporter -->
<testsuite skipped="0" hostname="DESKTOP-BOGEO9S" name="First" tests="2" failures="0" timestamp="15 Jun 2018 12:07:48 GMT" time="2.981" errors="0">
  <testcase name="getN" time="2.395" classname="First"/>
  <testcase name="postData" time="0.586" classname="First"/>
</testsuite> <!-- First -->
